<?xml version="1.0" encoding="UTF-8"?>
<!-- Generated by org.testng.reporters.JUnitXMLReporter -->
<testsuite ignored="0" hostname="DESKTOP-K0ONJ7J" failures="0" tests="4" name="Test" time="28.318" errors="0" timestamp="2025-02-02T20:58:33 IST">
  <testcase classname="TestCases.CreatingAndSchedulingSessionTest1" name="Perform_login_as_tutor" time="8.548"/>
  <testcase classname="TestCases.CreatingAndSchedulingSessionTest1" name="verify_opening_of_existing_class_functionality" time="4.699"/>
  <testcase classname="TestCases.CreatingAndSchedulingSessionTest1" name="verify_SchedulingSession_for_class_functionality" time="6.522"/>
  <testcase classname="TestCases.CreatingAndSchedulingSessionTest1" name="verify_LogOut_functionality" time="1.378"/>
</testsuite> <!-- Test -->
