<?xml version="1.0" encoding="UTF-8"?>
<testng-results ignored="0" total="4" passed="4" failed="0" skipped="0">
  <reporter-output>
  </reporter-output>
  <suite started-at="2025-02-02T20:58:05 IST" name="Suite" finished-at="2025-02-02T20:58:33 IST" duration-ms="28318">
    <groups>
    </groups>
    <test started-at="2025-02-02T20:58:05 IST" name="Test" finished-at="2025-02-02T20:58:33 IST" duration-ms="28318">
      <class name="TestCases.CreatingAndSchedulingSessionTest1">
        <test-method is-config="true" signature="webdriverManeger()[pri:0, instance:TestCases.CreatingAndSchedulingSessionTest1@53045c6c]" started-at="2025-02-02T20:58:05 IST" name="webdriverManeger" finished-at="2025-02-02T20:58:12 IST" duration-ms="6966" status="PASS">
          <reporter-output>
          </reporter-output>
        </test-method> <!-- webdriverManeger -->
        <test-method signature="Perform_login_as_tutor()[pri:0, instance:TestCases.CreatingAndSchedulingSessionTest1@53045c6c]" started-at="2025-02-02T20:58:12 IST" name="Perform_login_as_tutor" finished-at="2025-02-02T20:58:21 IST" duration-ms="8548" status="PASS">
          <reporter-output>
          </reporter-output>
        </test-method> <!-- Perform_login_as_tutor -->
        <test-method signature="verify_opening_of_existing_class_functionality()[pri:1, instance:TestCases.CreatingAndSchedulingSessionTest1@53045c6c]" started-at="2025-02-02T20:58:21 IST" name="verify_opening_of_existing_class_functionality" finished-at="2025-02-02T20:58:25 IST" duration-ms="4699" status="PASS">
          <reporter-output>
          </reporter-output>
        </test-method> <!-- verify_opening_of_existing_class_functionality -->
        <test-method signature="verify_SchedulingSession_for_class_functionality()[pri:2, instance:TestCases.CreatingAndSchedulingSessionTest1@53045c6c]" started-at="2025-02-02T20:58:25 IST" name="verify_SchedulingSession_for_class_functionality" finished-at="2025-02-02T20:58:32 IST" duration-ms="6522" status="PASS">
          <reporter-output>
          </reporter-output>
        </test-method> <!-- verify_SchedulingSession_for_class_functionality -->
        <test-method signature="verify_LogOut_functionality()[pri:3, instance:TestCases.CreatingAndSchedulingSessionTest1@53045c6c]" started-at="2025-02-02T20:58:32 IST" name="verify_LogOut_functionality" finished-at="2025-02-02T20:58:33 IST" duration-ms="1378" status="PASS">
          <reporter-output>
          </reporter-output>
        </test-method> <!-- verify_LogOut_functionality -->
        <test-method is-config="true" signature="teardown()[pri:0, instance:TestCases.CreatingAndSchedulingSessionTest1@53045c6c]" started-at="2025-02-02T20:58:33 IST" name="teardown" finished-at="2025-02-02T20:58:33 IST" duration-ms="132" status="PASS">
          <reporter-output>
          </reporter-output>
        </test-method> <!-- teardown -->
      </class> <!-- TestCases.CreatingAndSchedulingSessionTest1 -->
    </test> <!-- Test -->
  </suite> <!-- Suite -->
</testng-results>
